{"D:\\Google Drive\\proyectos\\Business\\src\\chat.mjs": {"path":"D:\\Google Drive\\proyectos\\Business\\src\\chat.mjs","statementMap":{"0":{"start":{"line":6,"column":11},"end":{"line":9,"column":2}},"1":{"start":{"line":12,"column":2},"end":{"line":18,"column":5}},"2":{"start":{"line":13,"column":21},"end":{"line":13,"column":57}},"3":{"start":{"line":15,"column":4},"end":{"line":15,"column":61}},"4":{"start":{"line":17,"column":4},"end":{"line":17,"column":11}}},"fnMap":{"0":{"name":"chat","decl":{"start":{"line":11,"column":22},"end":{"line":11,"column":26}},"loc":{"start":{"line":11,"column":29},"end":{"line":19,"column":1}},"line":11},"1":{"name":"(anonymous_1)","decl":{"start":{"line":12,"column":35},"end":{"line":12,"column":36}},"loc":{"start":{"line":12,"column":54},"end":{"line":18,"column":3}},"line":12}},"branchMap":{},"s":{"0":0,"1":0,"2":0,"3":0,"4":0},"f":{"0":0,"1":0},"b":{},"inputSourceMap":null}
,"D:\\Google Drive\\proyectos\\Business\\src\\openai-api.mjs": {"path":"D:\\Google Drive\\proyectos\\Business\\src\\openai-api.mjs","statementMap":{"0":{"start":{"line":6,"column":0},"end":{"line":6,"column":64}},"1":{"start":{"line":8,"column":15},"end":{"line":10,"column":2}},"2":{"start":{"line":14,"column":4},"end":{"line":31,"column":5}},"3":{"start":{"line":15,"column":8},"end":{"line":28,"column":19}},"4":{"start":{"line":30,"column":8},"end":{"line":30,"column":39}},"5":{"start":{"line":37,"column":15},"end":{"line":37,"column":17}},"6":{"start":{"line":38,"column":21},"end":{"line":41,"column":11}},"7":{"start":{"line":39,"column":6},"end":{"line":39,"column":47}},"8":{"start":{"line":40,"column":6},"end":{"line":40,"column":31}},"9":{"start":{"line":44,"column":21},"end":{"line":44,"column":52}},"10":{"start":{"line":47,"column":4},"end":{"line":47,"column":28}},"11":{"start":{"line":48,"column":4},"end":{"line":48,"column":31}},"12":{"start":{"line":50,"column":4},"end":{"line":50,"column":20}}},"fnMap":{"0":{"name":"fetchGPT4Response","decl":{"start":{"line":13,"column":22},"end":{"line":13,"column":39}},"loc":{"start":{"line":13,"column":47},"end":{"line":32,"column":1}},"line":13},"1":{"name":"fetchWithBlinkingDots","decl":{"start":{"line":35,"column":22},"end":{"line":35,"column":43}},"loc":{"start":{"line":35,"column":52},"end":{"line":51,"column":1}},"line":35},"2":{"name":"(anonymous_2)","decl":{"start":{"line":38,"column":33},"end":{"line":38,"column":34}},"loc":{"start":{"line":38,"column":39},"end":{"line":41,"column":5}},"line":38}},"branchMap":{"0":{"loc":{"start":{"line":39,"column":13},"end":{"line":39,"column":46}},"type":"cond-expr","locations":[{"start":{"line":39,"column":31},"end":{"line":39,"column":41}},{"start":{"line":39,"column":44},"end":{"line":39,"column":46}}],"line":39}},"s":{"0":0,"1":0,"2":0,"3":0,"4":0,"5":0,"6":0,"7":0,"8":0,"9":0,"10":0,"11":0,"12":0},"f":{"0":0,"1":0,"2":0},"b":{"0":[0,0]},"inputSourceMap":null}
,"D:\\Google Drive\\proyectos\\Business\\src\\prompt-factory.mjs": {"path":"D:\\Google Drive\\proyectos\\Business\\src\\prompt-factory.mjs","statementMap":{"0":{"start":{"line":4,"column":4},"end":{"line":4,"column":120}},"1":{"start":{"line":8,"column":4},"end":{"line":9,"column":46}}},"fnMap":{"0":{"name":"predicate","decl":{"start":{"line":3,"column":9},"end":{"line":3,"column":18}},"loc":{"start":{"line":3,"column":26},"end":{"line":5,"column":1}},"line":3},"1":{"name":"asJson","decl":{"start":{"line":7,"column":9},"end":{"line":7,"column":15}},"loc":{"start":{"line":7,"column":23},"end":{"line":10,"column":1}},"line":7}},"branchMap":{},"s":{"0":0,"1":0},"f":{"0":0,"1":0},"b":{},"inputSourceMap":null}
}
