TN:
SF:src\chat.mjs
FN:11,chat
FN:12,(anonymous_1)
FNF:2
FNH:0
FNDA:0,chat
FNDA:0,(anonymous_1)
DA:6,0
DA:12,0
DA:13,0
DA:15,0
DA:17,0
LF:5
LH:0
BRF:0
BRH:0
end_of_record
TN:
SF:src\openai-api.mjs
FN:13,fetchGPT4Response
FN:35,fetchWithBlinkingDots
FN:38,(anonymous_2)
FNF:3
FNH:0
FNDA:0,fetchGPT4Response
FNDA:0,fetchWithBlinkingDots
FNDA:0,(anonymous_2)
DA:6,0
DA:8,0
DA:14,0
DA:15,0
DA:30,0
DA:37,0
DA:38,0
DA:39,0
DA:40,0
DA:44,0
DA:47,0
DA:48,0
DA:50,0
LF:13
LH:0
BRDA:39,0,0,0
BRDA:39,0,1,0
BRF:2
BRH:0
end_of_record
TN:
SF:src\prompt-factory.mjs
FN:3,predicate
FN:7,asJson
FNF:2
FNH:0
FNDA:0,predicate
FNDA:0,asJson
DA:4,0
DA:8,0
LF:2
LH:0
BRF:0
BRH:0
end_of_record
